# JRE version: Java(TM) SE Runtime Environment (8.0_31-b13) (build 1.8.0_31-b13)
# Java VM: Java HotSpot(TM) 64-Bit Server VM (25.31-b07 mixed mode windows-amd64 compressed oops)
Heap:
 PSYoungGen      total 140800K, used 34013K [0x000000076b580000, 0x0000000774980000, 0x00000007c0000000)
  eden space 130048K, 26% used [0x000000076b580000,0x000000076d6b7610,0x0000000773480000)
  from space 10752K, 0% used [0x0000000773f00000,0x0000000773f00000,0x0000000774980000)
  to   space 10752K, 0% used [0x0000000773480000,0x0000000773480000,0x0000000773f00000)
 ParOldGen       total 118784K, used 21612K [0x00000006c2000000, 0x00000006c9400000, 0x000000076b580000)
  object space 118784K, 18% used [0x00000006c2000000,0x00000006c351b1f0,0x00000006c9400000)
 Metaspace       used 29983K, capacity 30182K, committed 30464K, reserved 1075200K
  class space    used 3743K, capacity 3795K, committed 3840K, reserved 1048576K
GC Heap History (6 events):
Event: 0.731 GC heap before
{Heap before GC invocations=1 (full 0):
 PSYoungGen      total 75776K, used 65024K [0x000000076b580000, 0x0000000770a00000, 0x00000007c0000000)
  eden space 65024K, 100% used [0x000000076b580000,0x000000076f500000,0x000000076f500000)
  from space 10752K, 0% used [0x000000076ff80000,0x000000076ff80000,0x0000000770a00000)
  to   space 10752K, 0% used [0x000000076f500000,0x000000076f500000,0x000000076ff80000)
 ParOldGen       total 173568K, used 0K [0x00000006c2000000, 0x00000006cc980000, 0x000000076b580000)
  object space 173568K, 0% used [0x00000006c2000000,0x00000006c2000000,0x00000006cc980000)
 Metaspace       used 20741K, capacity 20946K, committed 21248K, reserved 1067008K
  class space    used 2641K, capacity 2703K, committed 2816K, reserved 1048576K
Event: 0.739 GC heap after
Heap after GC invocations=1 (full 0):
 PSYoungGen      total 75776K, used 10738K [0x000000076b580000, 0x0000000774980000, 0x00000007c0000000)
  eden space 65024K, 0% used [0x000000076b580000,0x000000076b580000,0x000000076f500000)
  from space 10752K, 99% used [0x000000076f500000,0x000000076ff7c918,0x000000076ff80000)
  to   space 10752K, 0% used [0x0000000773f00000,0x0000000773f00000,0x0000000774980000)
 ParOldGen       total 173568K, used 3696K [0x00000006c2000000, 0x00000006cc980000, 0x000000076b580000)
  object space 173568K, 2% used [0x00000006c2000000,0x00000006c239c258,0x00000006cc980000)
 Metaspace       used 20741K, capacity 20946K, committed 21248K, reserved 1067008K
  class space    used 2641K, capacity 2703K, committed 2816K, reserved 1048576K
}
Event: 0.847 GC heap before
{Heap before GC invocations=2 (full 0):
 PSYoungGen      total 75776K, used 61649K [0x000000076b580000, 0x0000000774980000, 0x00000007c0000000)
  eden space 65024K, 78% used [0x000000076b580000,0x000000076e737c48,0x000000076f500000)
  from space 10752K, 99% used [0x000000076f500000,0x000000076ff7c918,0x000000076ff80000)
  to   space 10752K, 0% used [0x0000000773f00000,0x0000000773f00000,0x0000000774980000)
 ParOldGen       total 173568K, used 3696K [0x00000006c2000000, 0x00000006cc980000, 0x000000076b580000)
  object space 173568K, 2% used [0x00000006c2000000,0x00000006c239c258,0x00000006cc980000)
 Metaspace       used 20938K, capacity 21106K, committed 21248K, reserved 1067008K
  class space    used 2660K, capacity 2735K, committed 2816K, reserved 1048576K
Event: 0.860 GC heap after
Heap after GC invocations=2 (full 0):
 PSYoungGen      total 140800K, used 10733K [0x000000076b580000, 0x0000000774980000, 0x00000007c0000000)
  eden space 130048K, 0% used [0x000000076b580000,0x000000076b580000,0x0000000773480000)
  from space 10752K, 99% used [0x0000000773f00000,0x000000077497b770,0x0000000774980000)
  to   space 10752K, 0% used [0x0000000773480000,0x0000000773480000,0x0000000773f00000)
 ParOldGen       total 173568K, used 15608K [0x00000006c2000000, 0x00000006cc980000, 0x000000076b580000)
  object space 173568K, 8% used [0x00000006c2000000,0x00000006c2f3e018,0x00000006cc980000)
 Metaspace       used 20938K, capacity 21106K, committed 21248K, reserved 1067008K
  class space    used 2660K, capacity 2735K, committed 2816K, reserved 1048576K
}
Event: 0.860 GC heap before
{Heap before GC invocations=3 (full 1):
 PSYoungGen      total 140800K, used 10733K [0x000000076b580000, 0x0000000774980000, 0x00000007c0000000)
  eden space 130048K, 0% used [0x000000076b580000,0x000000076b580000,0x0000000773480000)
  from space 10752K, 99% used [0x0000000773f00000,0x000000077497b770,0x0000000774980000)
  to   space 10752K, 0% used [0x0000000773480000,0x0000000773480000,0x0000000773f00000)
 ParOldGen       total 173568K, used 15608K [0x00000006c2000000, 0x00000006cc980000, 0x000000076b580000)
  object space 173568K, 8% used [0x00000006c2000000,0x00000006c2f3e018,0x00000006cc980000)
 Metaspace       used 20938K, capacity 21106K, committed 21248K, reserved 1067008K
  class space    used 2660K, capacity 2735K, committed 2816K, reserved 1048576K
Event: 0.878 GC heap after
Heap after GC invocations=3 (full 1):
 PSYoungGen      total 140800K, used 0K [0x000000076b580000, 0x0000000774980000, 0x00000007c0000000)
  eden space 130048K, 0% used [0x000000076b580000,0x000000076b580000,0x0000000773480000)
  from space 10752K, 0% used [0x0000000773f00000,0x0000000773f00000,0x0000000774980000)
  to   space 10752K, 0% used [0x0000000773480000,0x0000000773480000,0x0000000773f00000)
 ParOldGen       total 118784K, used 21612K [0x00000006c2000000, 0x00000006c9400000, 0x000000076b580000)
  object space 118784K, 18% used [0x00000006c2000000,0x00000006c351b1f0,0x00000006c9400000)
 Metaspace       used 20937K, capacity 21104K, committed 21248K, reserved 1067008K
  class space    used 2659K, capacity 2734K, committed 2816K, reserved 1048576K
}

