# JRE version: Java(TM) SE Runtime Environment (8.0_31-b13) (build 1.8.0_31-b13)
# Java VM: Java HotSpot(TM) 64-Bit Server VM (25.31-b07 mixed mode windows-amd64 compressed oops)
Heap:
 PSYoungGen      total 140800K, used 31364K [0x000000076b580000, 0x0000000774980000, 0x00000007c0000000)
  eden space 130048K, 24% used [0x000000076b580000,0x000000076d4210b0,0x0000000773480000)
  from space 10752K, 0% used [0x0000000773f00000,0x0000000773f00000,0x0000000774980000)
  to   space 10752K, 0% used [0x0000000773480000,0x0000000773480000,0x0000000773f00000)
 ParOldGen       total 119808K, used 21653K [0x00000006c2000000, 0x00000006c9500000, 0x000000076b580000)
  object space 119808K, 18% used [0x00000006c2000000,0x00000006c3525550,0x00000006c9500000)
 Metaspace       used 30734K, capacity 30956K, committed 31360K, reserved 1077248K
  class space    used 3822K, capacity 3884K, committed 3968K, reserved 1048576K
GC Heap History (6 events):
Event: 0.729 GC heap before
{Heap before GC invocations=1 (full 0):
 PSYoungGen      total 75776K, used 65024K [0x000000076b580000, 0x0000000770a00000, 0x00000007c0000000)
  eden space 65024K, 100% used [0x000000076b580000,0x000000076f500000,0x000000076f500000)
  from space 10752K, 0% used [0x000000076ff80000,0x000000076ff80000,0x0000000770a00000)
  to   space 10752K, 0% used [0x000000076f500000,0x000000076f500000,0x000000076ff80000)
 ParOldGen       total 173568K, used 0K [0x00000006c2000000, 0x00000006cc980000, 0x000000076b580000)
  object space 173568K, 0% used [0x00000006c2000000,0x00000006c2000000,0x00000006cc980000)
 Metaspace       used 20742K, capacity 20946K, committed 21248K, reserved 1067008K
  class space    used 2641K, capacity 2703K, committed 2816K, reserved 1048576K
Event: 0.737 GC heap after
Heap after GC invocations=1 (full 0):
 PSYoungGen      total 75776K, used 10730K [0x000000076b580000, 0x0000000774980000, 0x00000007c0000000)
  eden space 65024K, 0% used [0x000000076b580000,0x000000076b580000,0x000000076f500000)
  from space 10752K, 99% used [0x000000076f500000,0x000000076ff7aab8,0x000000076ff80000)
  to   space 10752K, 0% used [0x0000000773f00000,0x0000000773f00000,0x0000000774980000)
 ParOldGen       total 173568K, used 3716K [0x00000006c2000000, 0x00000006cc980000, 0x000000076b580000)
  object space 173568K, 2% used [0x00000006c2000000,0x00000006c23a1278,0x00000006cc980000)
 Metaspace       used 20742K, capacity 20946K, committed 21248K, reserved 1067008K
  class space    used 2641K, capacity 2703K, committed 2816K, reserved 1048576K
}
Event: 0.843 GC heap before
{Heap before GC invocations=2 (full 0):
 PSYoungGen      total 75776K, used 61625K [0x000000076b580000, 0x0000000774980000, 0x00000007c0000000)
  eden space 65024K, 78% used [0x000000076b580000,0x000000076e7339a8,0x000000076f500000)
  from space 10752K, 99% used [0x000000076f500000,0x000000076ff7aab8,0x000000076ff80000)
  to   space 10752K, 0% used [0x0000000773f00000,0x0000000773f00000,0x0000000774980000)
 ParOldGen       total 173568K, used 3716K [0x00000006c2000000, 0x00000006cc980000, 0x000000076b580000)
  object space 173568K, 2% used [0x00000006c2000000,0x00000006c23a1278,0x00000006cc980000)
 Metaspace       used 20934K, capacity 21106K, committed 21248K, reserved 1067008K
  class space    used 2660K, capacity 2735K, committed 2816K, reserved 1048576K
Event: 0.855 GC heap after
Heap after GC invocations=2 (full 0):
 PSYoungGen      total 140800K, used 10727K [0x000000076b580000, 0x0000000774980000, 0x00000007c0000000)
  eden space 130048K, 0% used [0x000000076b580000,0x000000076b580000,0x0000000773480000)
  from space 10752K, 99% used [0x0000000773f00000,0x0000000774979c40,0x0000000774980000)
  to   space 10752K, 0% used [0x0000000773480000,0x0000000773480000,0x0000000773f00000)
 ParOldGen       total 173568K, used 15803K [0x00000006c2000000, 0x00000006cc980000, 0x000000076b580000)
  object space 173568K, 9% used [0x00000006c2000000,0x00000006c2f6ee50,0x00000006cc980000)
 Metaspace       used 20934K, capacity 21106K, committed 21248K, reserved 1067008K
  class space    used 2660K, capacity 2735K, committed 2816K, reserved 1048576K
}
Event: 0.855 GC heap before
{Heap before GC invocations=3 (full 1):
 PSYoungGen      total 140800K, used 10727K [0x000000076b580000, 0x0000000774980000, 0x00000007c0000000)
  eden space 130048K, 0% used [0x000000076b580000,0x000000076b580000,0x0000000773480000)
  from space 10752K, 99% used [0x0000000773f00000,0x0000000774979c40,0x0000000774980000)
  to   space 10752K, 0% used [0x0000000773480000,0x0000000773480000,0x0000000773f00000)
 ParOldGen       total 173568K, used 15803K [0x00000006c2000000, 0x00000006cc980000, 0x000000076b580000)
  object space 173568K, 9% used [0x00000006c2000000,0x00000006c2f6ee50,0x00000006cc980000)
 Metaspace       used 20934K, capacity 21106K, committed 21248K, reserved 1067008K
  class space    used 2660K, capacity 2735K, committed 2816K, reserved 1048576K
Event: 0.874 GC heap after
Heap after GC invocations=3 (full 1):
 PSYoungGen      total 140800K, used 0K [0x000000076b580000, 0x0000000774980000, 0x00000007c0000000)
  eden space 130048K, 0% used [0x000000076b580000,0x000000076b580000,0x0000000773480000)
  from space 10752K, 0% used [0x0000000773f00000,0x0000000773f00000,0x0000000774980000)
  to   space 10752K, 0% used [0x0000000773480000,0x0000000773480000,0x0000000773f00000)
 ParOldGen       total 119808K, used 21653K [0x00000006c2000000, 0x00000006c9500000, 0x000000076b580000)
  object space 119808K, 18% used [0x00000006c2000000,0x00000006c3525550,0x00000006c9500000)
 Metaspace       used 20932K, capacity 21104K, committed 21248K, reserved 1067008K
  class space    used 2659K, capacity 2734K, committed 2816K, reserved 1048576K
}

