# JRE version: Java(TM) SE Runtime Environment (8.0_31-b13) (build 1.8.0_31-b13)
# Java VM: Java HotSpot(TM) 64-Bit Server VM (25.31-b07 mixed mode windows-amd64 compressed oops)
Heap:
 PSYoungGen      total 140800K, used 31465K [0x000000076b580000, 0x0000000774980000, 0x00000007c0000000)
  eden space 130048K, 24% used [0x000000076b580000,0x000000076d43a7a0,0x0000000773480000)
  from space 10752K, 0% used [0x0000000773f00000,0x0000000773f00000,0x0000000774980000)
  to   space 10752K, 0% used [0x0000000773480000,0x0000000773480000,0x0000000773f00000)
 ParOldGen       total 119296K, used 21372K [0x00000006c2000000, 0x00000006c9480000, 0x000000076b580000)
  object space 119296K, 17% used [0x00000006c2000000,0x00000006c34df258,0x00000006c9480000)
 Metaspace       used 29654K, capacity 29858K, committed 30208K, reserved 1075200K
  class space    used 3676K, capacity 3729K, committed 3840K, reserved 1048576K
GC Heap History (6 events):
Event: 0.741 GC heap before
{Heap before GC invocations=1 (full 0):
 PSYoungGen      total 75776K, used 65024K [0x000000076b580000, 0x0000000770a00000, 0x00000007c0000000)
  eden space 65024K, 100% used [0x000000076b580000,0x000000076f500000,0x000000076f500000)
  from space 10752K, 0% used [0x000000076ff80000,0x000000076ff80000,0x0000000770a00000)
  to   space 10752K, 0% used [0x000000076f500000,0x000000076f500000,0x000000076ff80000)
 ParOldGen       total 173568K, used 0K [0x00000006c2000000, 0x00000006cc980000, 0x000000076b580000)
  object space 173568K, 0% used [0x00000006c2000000,0x00000006c2000000,0x00000006cc980000)
 Metaspace       used 20743K, capacity 20946K, committed 21248K, reserved 1067008K
  class space    used 2642K, capacity 2703K, committed 2816K, reserved 1048576K
Event: 0.749 GC heap after
Heap after GC invocations=1 (full 0):
 PSYoungGen      total 75776K, used 10735K [0x000000076b580000, 0x0000000774980000, 0x00000007c0000000)
  eden space 65024K, 0% used [0x000000076b580000,0x000000076b580000,0x000000076f500000)
  from space 10752K, 99% used [0x000000076f500000,0x000000076ff7bdf8,0x000000076ff80000)
  to   space 10752K, 0% used [0x0000000773f00000,0x0000000773f00000,0x0000000774980000)
 ParOldGen       total 173568K, used 3723K [0x00000006c2000000, 0x00000006cc980000, 0x000000076b580000)
  object space 173568K, 2% used [0x00000006c2000000,0x00000006c23a2ce0,0x00000006cc980000)
 Metaspace       used 20743K, capacity 20946K, committed 21248K, reserved 1067008K
  class space    used 2642K, capacity 2703K, committed 2816K, reserved 1048576K
}
Event: 0.854 GC heap before
{Heap before GC invocations=2 (full 0):
 PSYoungGen      total 75776K, used 60415K [0x000000076b580000, 0x0000000774980000, 0x00000007c0000000)
  eden space 65024K, 76% used [0x000000076b580000,0x000000076e603eb0,0x000000076f500000)
  from space 10752K, 99% used [0x000000076f500000,0x000000076ff7bdf8,0x000000076ff80000)
  to   space 10752K, 0% used [0x0000000773f00000,0x0000000773f00000,0x0000000774980000)
 ParOldGen       total 173568K, used 3723K [0x00000006c2000000, 0x00000006cc980000, 0x000000076b580000)
  object space 173568K, 2% used [0x00000006c2000000,0x00000006c23a2ce0,0x00000006cc980000)
 Metaspace       used 20876K, capacity 21106K, committed 21248K, reserved 1067008K
  class space    used 2655K, capacity 2735K, committed 2816K, reserved 1048576K
Event: 0.866 GC heap after
Heap after GC invocations=2 (full 0):
 PSYoungGen      total 140800K, used 10735K [0x000000076b580000, 0x0000000774980000, 0x00000007c0000000)
  eden space 130048K, 0% used [0x000000076b580000,0x000000076b580000,0x0000000773480000)
  from space 10752K, 99% used [0x0000000773f00000,0x000000077497bfc8,0x0000000774980000)
  to   space 10752K, 0% used [0x0000000773480000,0x0000000773480000,0x0000000773f00000)
 ParOldGen       total 173568K, used 15520K [0x00000006c2000000, 0x00000006cc980000, 0x000000076b580000)
  object space 173568K, 8% used [0x00000006c2000000,0x00000006c2f28130,0x00000006cc980000)
 Metaspace       used 20876K, capacity 21106K, committed 21248K, reserved 1067008K
  class space    used 2655K, capacity 2735K, committed 2816K, reserved 1048576K
}
Event: 0.866 GC heap before
{Heap before GC invocations=3 (full 1):
 PSYoungGen      total 140800K, used 10735K [0x000000076b580000, 0x0000000774980000, 0x00000007c0000000)
  eden space 130048K, 0% used [0x000000076b580000,0x000000076b580000,0x0000000773480000)
  from space 10752K, 99% used [0x0000000773f00000,0x000000077497bfc8,0x0000000774980000)
  to   space 10752K, 0% used [0x0000000773480000,0x0000000773480000,0x0000000773f00000)
 ParOldGen       total 173568K, used 15520K [0x00000006c2000000, 0x00000006cc980000, 0x000000076b580000)
  object space 173568K, 8% used [0x00000006c2000000,0x00000006c2f28130,0x00000006cc980000)
 Metaspace       used 20876K, capacity 21106K, committed 21248K, reserved 1067008K
  class space    used 2655K, capacity 2735K, committed 2816K, reserved 1048576K
Event: 0.886 GC heap after
Heap after GC invocations=3 (full 1):
 PSYoungGen      total 140800K, used 0K [0x000000076b580000, 0x0000000774980000, 0x00000007c0000000)
  eden space 130048K, 0% used [0x000000076b580000,0x000000076b580000,0x0000000773480000)
  from space 10752K, 0% used [0x0000000773f00000,0x0000000773f00000,0x0000000774980000)
  to   space 10752K, 0% used [0x0000000773480000,0x0000000773480000,0x0000000773f00000)
 ParOldGen       total 119296K, used 21372K [0x00000006c2000000, 0x00000006c9480000, 0x000000076b580000)
  object space 119296K, 17% used [0x00000006c2000000,0x00000006c34df258,0x00000006c9480000)
 Metaspace       used 20874K, capacity 21104K, committed 21248K, reserved 1067008K
  class space    used 2654K, capacity 2734K, committed 2816K, reserved 1048576K
}

